  0.0000 Customer00: Here I am 
  0.0000 Customer00: Wait  0.000
  8.3884 Customer00: Finished  
 10.4985 Customer01: Here I am 
 10.4985 Customer01: Wait  0.000
 30.9314 Customer02: Here I am 
 33.7131 Customer03: Here I am 
 33.7131 Customer03: BALKING   
 35.9122 Customer01: Finished  
 35.9122 Customer02: Wait  4.981
 37.3562 Customer04: Here I am 
 41.2491 Customer05: Here I am 
 41.2491 Customer05: BALKING   
 56.6185 Customer02: Finished  
 56.6185 Customer04: Wait 19.262
 59.5365 Customer04: Finished  
 92.2071 Customer06: Here I am 
 92.2071 Customer06: Wait  0.000
 94.9740 Customer07: Here I am 
102.7425 Customer06: Finished  
102.7425 Customer07: Wait  7.769
133.5005 Customer07: Finished  
balking rate is   0.0150 per minute
