 0.0000 Customer00: Here I am but the door is shut.
 2.9397 Customer01: Here I am but the door is shut.
30.0000 You may enter
30.0000 Customer01: The door is open!
30.0000 Customer01: Waited 27.060
30.0000 Customer00: The door is open!
30.0000 Customer00: Waited 30.000
31.7199 Customer01: Finished    
33.2500 Customer00: Finished    
40.7735 Customer02: Here I am but the door is shut.
47.8708 Customer03: Here I am but the door is shut.
50.6849 Customer04: Here I am but the door is shut.
60.0000 You may enter
60.0000 Customer04: The door is open!
60.0000 Customer04: Waited  9.315
60.0000 Customer03: The door is open!
60.0000 Customer03: Waited 12.129
60.0000 Customer02: The door is open!
60.0000 Customer02: Waited 19.226
62.5580 Customer04: Finished    
63.8046 Customer03: Finished    
68.4759 Customer02: Finished    
90.0000 You may enter
120.0000 You may enter
150.0000 You may enter
