 0.0000 Customer00: Here I am but the door is shut.
 1.1489 Doorman: Ladies and Gentlemen! You may all enter.
 1.1489 Customer00: I can  go in!
 1.1489 Customer00: Waited  1.149
 6.5691 Customer00: Finished    
 8.3438 Customer01: Here I am and the door is open.
 8.3438 Customer01: I can  go in!
 8.3438 Customer01: Waited  0.000
15.5704 Customer02: Here I am and the door is open.
15.5704 Customer02: I can  go in!
15.5704 Customer02: Waited  0.000
21.2664 Customer03: Here I am and the door is open.
21.2664 Customer03: I can  go in!
21.2664 Customer03: Waited  0.000
21.9473 Customer04: Here I am and the door is open.
21.9473 Customer04: I can  go in!
21.9473 Customer04: Waited  0.000
27.6401 Customer01: Finished    
56.5248 Customer02: Finished    
57.3640 Customer03: Finished    
77.3587 Customer04: Finished    
