  0.0000 Customer00: Here I am 
  0.0000 Customer00: Wait  0.000
 17.0235 Customer00: Finished  
 18.6061 Customer01: Here I am 
 18.6061 Customer01: Wait  0.000
 22.2018 Customer01: Finished  
 24.0632 Customer02: Here I am 
 24.0632 Customer02: Wait  0.000
 30.2922 Customer02: Finished  
 31.2228 Customer03: Here I am 
 31.2228 Customer03: Wait  0.000
 35.5598 Customer03: Finished  
 46.5382 Customer04: Here I am 
 46.5382 Customer04: Wait  0.000
 53.0122 Customer05: Here I am 
 57.0452 Customer04: Finished  
 57.0452 Customer05: Wait  4.033
 65.4760 Customer05: Finished  
 76.8842 Customer06: Here I am 
 76.8842 Customer06: Wait  0.000
 80.1948 Customer07: Here I am 
 93.8016 Customer06: Finished  
 93.8016 Customer07: Wait 13.607
 97.2619 Customer07: Finished  
balking rate is   0.0000 per minute
