 < Histogram exponential: 
Number of observations: 1000 
       value < 0.0:    0 (cum:    0/  0.0%) 
0.0 <= value < 0.6666666666666666:   72 (cum:   72/  7.2%) 
0.6666666666666666 <= value < 1.3333333333333333:   57 (cum:  129/ 12.9%) 
1.3333333333333333 <= value < 2.0:   53 (cum:  182/ 18.2%) 
2.0 <= value < 2.6666666666666665:   54 (cum:  236/ 23.6%) 
2.6666666666666665 <= value < 3.333333333333333:   43 (cum:  279/ 27.9%) 
3.333333333333333 <= value < 4.0:   47 (cum:  326/ 32.6%) 
4.0 <= value < 4.666666666666666:   41 (cum:  367/ 36.7%) 
4.666666666666666 <= value < 5.333333333333333:   41 (cum:  408/ 40.8%) 
5.333333333333333 <= value < 6.0:   38 (cum:  446/ 44.6%) 
6.0 <= value < 6.666666666666666:   42 (cum:  488/ 48.8%) 
6.666666666666666 <= value < 7.333333333333333:   25 (cum:  513/ 51.3%) 
7.333333333333333 <= value < 8.0:   27 (cum:  540/ 54.0%) 
8.0 <= value < 8.666666666666666:   28 (cum:  568/ 56.8%) 
8.666666666666666 <= value < 9.333333333333332:   21 (cum:  589/ 58.9%) 
9.333333333333332 <= value < 10.0:   27 (cum:  616/ 61.6%) 
10.0 <= value < 10.666666666666666:   27 (cum:  643/ 64.3%) 
10.666666666666666 <= value < 11.333333333333332:   27 (cum:  670/ 67.0%) 
11.333333333333332 <= value < 12.0:   25 (cum:  695/ 69.5%) 
12.0 <= value < 12.666666666666666:   21 (cum:  716/ 71.6%) 
12.666666666666666 <= value < 13.333333333333332:   19 (cum:  735/ 73.5%) 
13.333333333333332 <= value < 14.0:   20 (cum:  755/ 75.5%) 
14.0 <= value < 14.666666666666666:   18 (cum:  773/ 77.3%) 
14.666666666666666 <= value < 15.333333333333332:   17 (cum:  790/ 79.0%) 
15.333333333333332 <= value < 16.0:   23 (cum:  813/ 81.3%) 
16.0 <= value < 16.666666666666664:   13 (cum:  826/ 82.6%) 
16.666666666666664 <= value < 17.333333333333332:   15 (cum:  841/ 84.1%) 
17.333333333333332 <= value < 18.0:   11 (cum:  852/ 85.2%) 
18.0 <= value < 18.666666666666664:    6 (cum:  858/ 85.8%) 
18.666666666666664 <= value < 19.333333333333332:    8 (cum:  866/ 86.6%) 
19.333333333333332 <= value < 20.0:   10 (cum:  876/ 87.6%) 
20.0 <= value      :  124 (cum: 1000/100.0%) 
 > 
